<?xml version="1.0" encoding="UTF-8"?>
<robot generator="Robot 7.3.2 (Python 3.13.7 on win32)" generated="2025-09-29T11:49:25.850833" rpa="false" schemaversion="5">
<suite id="s1" name="E2E purchase test" source="C:\Users\PongAng\Desktop\Lotus assignment\Robot-saucedemo\E2E_purchase_test.robot">
<kw name="Open Browser To SauceDemo" type="SETUP">
<kw name="Open Browser" owner="SeleniumLibrary">
<msg time="2025-09-29T11:49:26.636780" level="INFO">Opening browser 'edge' to base url 'https://www.saucedemo.com/'.</msg>
<arg>${URL}</arg>
<arg>${BROWSER}</arg>
<doc>Opens a new browser instance to the optional ``url``.</doc>
<status status="PASS" start="2025-09-29T11:49:26.636353" elapsed="4.257245"/>
</kw>
<kw name="Maximize Browser Window" owner="SeleniumLibrary">
<doc>Maximizes current browser window.</doc>
<status status="PASS" start="2025-09-29T11:49:30.894162" elapsed="0.062796"/>
</kw>
<kw name="Set Selenium Speed" owner="SeleniumLibrary">
<arg>0.5s</arg>
<doc>Sets the delay that is waited after each Selenium command.</doc>
<status status="PASS" start="2025-09-29T11:49:30.957443" elapsed="0.001443"/>
</kw>
<status status="PASS" start="2025-09-29T11:49:26.635165" elapsed="4.325264"/>
</kw>
<test id="s1-t1" name="E2E Purchase Flow" line="45">
<kw name="Login To SauceDemo">
<kw name="Input Text" owner="SeleniumLibrary">
<msg time="2025-09-29T11:49:30.969110" level="INFO">Typing text 'standard_user' into text field 'id=user-name'.</msg>
<arg>id=user-name</arg>
<arg>${USERNAME}</arg>
<doc>Types the given ``text`` into the text field identified by ``locator``.</doc>
<status status="PASS" start="2025-09-29T11:49:30.967982" elapsed="1.749213"/>
</kw>
<kw name="Input Text" owner="SeleniumLibrary">
<msg time="2025-09-29T11:49:32.718265" level="INFO">Typing text 'secret_sauce' into text field 'id=password'.</msg>
<arg>id=password</arg>
<arg>${PASSWORD}</arg>
<doc>Types the given ``text`` into the text field identified by ``locator``.</doc>
<status status="PASS" start="2025-09-29T11:49:32.717607" elapsed="1.698157"/>
</kw>
<kw name="Click Button" owner="SeleniumLibrary">
<msg time="2025-09-29T11:49:34.416613" level="INFO">Clicking button 'id=login-button'.</msg>
<arg>id=login-button</arg>
<doc>Clicks the button identified by ``locator``.</doc>
<status status="PASS" start="2025-09-29T11:49:34.416171" elapsed="1.778878"/>
</kw>
<kw name="Wait Until Page Contains Element" owner="SeleniumLibrary">
<arg>class=inventory_list</arg>
<doc>Waits until the element ``locator`` appears on the current page.</doc>
<status status="PASS" start="2025-09-29T11:49:36.195455" elapsed="0.538489"/>
</kw>
<status status="PASS" start="2025-09-29T11:49:30.966990" elapsed="5.767426"/>
</kw>
<kw name="Add Product To Cart">
<kw name="Click Button" owner="SeleniumLibrary">
<msg time="2025-09-29T11:49:36.737818" level="INFO">Clicking button 'id=add-to-cart-sauce-labs-backpack'.</msg>
<arg>id=add-to-cart-sauce-labs-backpack</arg>
<doc>Clicks the button identified by ``locator``.</doc>
<status status="PASS" start="2025-09-29T11:49:36.737327" elapsed="2.639873"/>
</kw>
<kw name="Click Element" owner="SeleniumLibrary">
<msg time="2025-09-29T11:49:39.377985" level="INFO">Clicking element 'class=shopping_cart_link'.</msg>
<arg>class=shopping_cart_link</arg>
<doc>Click the element identified by ``locator``.</doc>
<status status="PASS" start="2025-09-29T11:49:39.377567" elapsed="1.128952"/>
</kw>
<kw name="Click Button" owner="SeleniumLibrary">
<msg time="2025-09-29T11:49:40.507461" level="INFO">Clicking button 'id=continue-shopping'.</msg>
<arg>id=continue-shopping</arg>
<doc>Clicks the button identified by ``locator``.</doc>
<status status="PASS" start="2025-09-29T11:49:40.506968" elapsed="2.660812"/>
</kw>
<kw name="Click Button" owner="SeleniumLibrary">
<msg time="2025-09-29T11:49:43.168565" level="INFO">Clicking button 'id=add-to-cart-sauce-labs-bike-light'.</msg>
<arg>id=add-to-cart-sauce-labs-bike-light</arg>
<doc>Clicks the button identified by ``locator``.</doc>
<status status="PASS" start="2025-09-29T11:49:43.168157" elapsed="2.657250"/>
</kw>
<kw name="Click Element" owner="SeleniumLibrary">
<msg time="2025-09-29T11:49:45.826421" level="INFO">Clicking element 'class=shopping_cart_link'.</msg>
<arg>class=shopping_cart_link</arg>
<doc>Click the element identified by ``locator``.</doc>
<status status="PASS" start="2025-09-29T11:49:45.825978" elapsed="1.126258"/>
</kw>
<kw name="Wait Until Page Contains Element" owner="SeleniumLibrary">
<arg>class=cart_item</arg>
<doc>Waits until the element ``locator`` appears on the current page.</doc>
<status status="PASS" start="2025-09-29T11:49:46.953315" elapsed="0.528735"/>
</kw>
<status status="PASS" start="2025-09-29T11:49:36.736604" elapsed="10.745749"/>
</kw>
<kw name="Checkout Order">
<kw name="Click Button" owner="SeleniumLibrary">
<msg time="2025-09-29T11:49:47.484211" level="INFO">Clicking button 'id=checkout'.</msg>
<arg>id=checkout</arg>
<doc>Clicks the button identified by ``locator``.</doc>
<status status="PASS" start="2025-09-29T11:49:47.483822" elapsed="2.655207"/>
</kw>
<kw name="Input Text" owner="SeleniumLibrary">
<msg time="2025-09-29T11:49:50.143187" level="INFO">Typing text 'Pong' into text field 'id=first-name'.</msg>
<arg>id=first-name</arg>
<arg>${FIRSTNAME}</arg>
<doc>Types the given ``text`` into the text field identified by ``locator``.</doc>
<status status="PASS" start="2025-09-29T11:49:50.141259" elapsed="1.682063"/>
</kw>
<kw name="Input Text" owner="SeleniumLibrary">
<msg time="2025-09-29T11:49:51.824353" level="INFO">Typing text 'Pp' into text field 'id=last-name'.</msg>
<arg>id=last-name</arg>
<arg>${LASTNAME}</arg>
<doc>Types the given ``text`` into the text field identified by ``locator``.</doc>
<status status="PASS" start="2025-09-29T11:49:51.823764" elapsed="1.655045"/>
</kw>
<kw name="Input Text" owner="SeleniumLibrary">
<msg time="2025-09-29T11:49:53.481739" level="INFO">Typing text '12345' into text field 'id=postal-code'.</msg>
<arg>id=postal-code</arg>
<arg>${POSTALCODE}</arg>
<doc>Types the given ``text`` into the text field identified by ``locator``.</doc>
<status status="PASS" start="2025-09-29T11:49:53.479544" elapsed="1.659999"/>
</kw>
<kw name="Click Button" owner="SeleniumLibrary">
<msg time="2025-09-29T11:49:55.140591" level="INFO">Clicking button 'id=continue'.</msg>
<arg>id=continue</arg>
<doc>Clicks the button identified by ``locator``.</doc>
<status status="PASS" start="2025-09-29T11:49:55.140060" elapsed="1.664590"/>
</kw>
<kw name="Click Button" owner="SeleniumLibrary">
<msg time="2025-09-29T11:49:56.805574" level="INFO">Clicking button 'id=finish'.</msg>
<arg>id=finish</arg>
<doc>Clicks the button identified by ``locator``.</doc>
<status status="PASS" start="2025-09-29T11:49:56.805142" elapsed="2.651275"/>
</kw>
<kw name="Wait Until Page Contains" owner="SeleniumLibrary">
<arg>Thank you for your order!</arg>
<doc>Waits until ``text`` appears on the current page.</doc>
<status status="PASS" start="2025-09-29T11:49:59.456778" elapsed="0.520856"/>
</kw>
<status status="PASS" start="2025-09-29T11:49:47.483207" elapsed="12.494692"/>
</kw>
<status status="PASS" start="2025-09-29T11:49:30.960799" elapsed="29.017679"/>
</test>
<kw name="Close Browser" owner="SeleniumLibrary" type="TEARDOWN">
<doc>Closes the current browser.</doc>
<status status="PASS" start="2025-09-29T11:49:59.980537" elapsed="2.806180"/>
</kw>
<status status="PASS" start="2025-09-29T11:49:25.853243" elapsed="36.933785"/>
</suite>
<statistics>
<total>
<stat pass="1" fail="0" skip="0">All Tests</stat>
</total>
<tag>
</tag>
<suite>
<stat name="E2E purchase test" id="s1" pass="1" fail="0" skip="0">E2E purchase test</stat>
</suite>
</statistics>
<errors>
</errors>
</robot>
